<?xml version="1.0" encoding="UTF-8"?>
<!-- Generated by org.testng.reporters.JUnitReportReporter -->
<testsuite hostname="DESKTOP-7DEH5DC" failures="0" tests="3" name="com.mystore.testcases.Login" time="22.177" errors="0" timestamp="2025-11-21T12:21:28 IST" skipped="0">
  <testcase classname="com.mystore.testcases.Login" name="verifySignInButtonPresence" time="5.476"/>
  <testcase classname="com.mystore.testcases.Login" name="loginWithValidCredentials" time="9.629"/>
  <testcase classname="com.mystore.testcases.Login" name="loginWithInValidCredentials" time="7.072"/>
</testsuite> <!-- com.mystore.testcases.Login -->
