<?xml version="1.0" encoding="UTF-8"?>
<!-- Generated by org.testng.reporters.JUnitReportReporter -->
<testsuite hostname="DESKTOP-7DEH5DC" failures="0" tests="2" name="com.mystore.testcases.ProductPageTest" time="0.476" errors="0" timestamp="2025-11-21T12:21:28 IST" skipped="0">
  <testcase classname="com.mystore.testcases.ProductPageTest" name="verifyProductDetails" time="0.094"/>
  <testcase classname="com.mystore.testcases.ProductPageTest" name="verifyAddToCart" time="0.382"/>
</testsuite> <!-- com.mystore.testcases.ProductPageTest -->
