<?xml version="1.0" encoding="UTF-8"?>
<!-- Generated by org.testng.reporters.JUnitReportReporter -->
<testsuite hostname="DESKTOP-7DEH5DC" failures="0" tests="2" name="com.mystore.testcases.SearchTest" time="22.851" errors="0" timestamp="2025-11-21T12:21:28 IST" skipped="0">
  <testcase classname="com.mystore.testcases.SearchTest" name="testValidSearchShowsResults" time="10.682"/>
  <testcase classname="com.mystore.testcases.SearchTest" name="testInvalidSearchShowsNoResultsMessage" time="12.169"/>
</testsuite> <!-- com.mystore.testcases.SearchTest -->
