<?xml version="1.0" encoding="UTF-8"?>
<!-- Generated by org.testng.reporters.JUnitReportReporter -->
<testsuite hostname="DESKTOP-7DEH5DC" failures="0" tests="3" name="com.mystore.testcases.IndexPageTest" time="14.379" errors="0" timestamp="2025-11-21T12:21:28 IST" skipped="0">
  <testcase classname="com.mystore.testcases.IndexPageTest" name="verifyLogo" time="4.286"/>
  <testcase classname="com.mystore.testcases.IndexPageTest" name="verifyTitle" time="4.936"/>
  <testcase classname="com.mystore.testcases.IndexPageTest" name="testNavigationToHomeViaLogo" time="5.157"/>
</testsuite> <!-- com.mystore.testcases.IndexPageTest -->
