<?xml version="1.0" encoding="UTF-8"?>
<!-- Generated by org.testng.reporters.JUnitReportReporter -->
<testsuite hostname="DESKTOP-7DEH5DC" failures="0" tests="3" name="com.mystore.testcases.RegistrationTest" time="33.516" errors="0" timestamp="2025-11-21T12:21:28 IST" skipped="0">
  <testcase classname="com.mystore.testcases.RegistrationTest" name="verifyValidRegistration" time="11.966"/>
  <testcase classname="com.mystore.testcases.RegistrationTest" name="verifyExistingEmailRegistration" time="11.576"/>
  <testcase classname="com.mystore.testcases.RegistrationTest" name="verifyRequiredFieldValidation" time="9.974"/>
</testsuite> <!-- com.mystore.testcases.RegistrationTest -->
